<?xml version="1.0" encoding="UTF-8"?>
<!-- Generated by org.testng.reporters.JUnitReportReporter -->
<testsuite skipped="0" hostname="DESKTOP-5IAAIQO" name="RunTest.OpenBrowser" tests="1" failures="0" timestamp="2020-09-13T20:24:54 EDT" time="4.273" errors="0">
  <testcase name="Test2" time="4.273" classname="RunTest.OpenBrowser"/>
  <system-out/>
</testsuite> <!-- RunTest.OpenBrowser -->
