<?xml version="1.0" encoding="UTF-8"?>
<!-- Generated by org.testng.reporters.JUnitReportReporter -->
<testsuite skipped="0" hostname="DESKTOP-5IAAIQO" name="RunTest.OpenBrowser2" tests="1" failures="0" timestamp="2020-09-13T20:24:54 EDT" time="3.618" errors="0">
  <testcase name="Test3" time="3.618" classname="RunTest.OpenBrowser2"/>
  <system-out/>
</testsuite> <!-- RunTest.OpenBrowser2 -->
